\BOOKMARK [0][-]{chapter.1}{Software tester}{}% 1
\BOOKMARK [1][-]{section.1.1}{G\351n\351ralit\351s sur le test automatique}{chapter.1}% 2
\BOOKMARK [2][-]{subsection.1.1.1}{Description des diff\351rents types de test}{section.1.1}% 3
\BOOKMARK [1][-]{section.1.2}{Le test dans l'\351quipe d'automatisation des tests}{chapter.1}% 4
\BOOKMARK [1][-]{section.1.3}{Pr\351sentation du produit test\351 : Web Intelligence}{chapter.1}% 5
\BOOKMARK [1][-]{section.1.4}{La premi\350re semaine dans l'\351quipe d'automatisation des tests}{chapter.1}% 6
\BOOKMARK [1][-]{section.1.5}{Travail r\351alis\351}{chapter.1}% 7
\BOOKMARK [2][-]{subsection.1.5.1}{Les recherches relatives aux tests automatiques dans le cadre du Framework utilis\351}{section.1.5}% 8
\BOOKMARK [1][-]{section.1.6}{Synth\350se des connaissances}{chapter.1}% 9
\BOOKMARK [2][-]{subsection.1.6.1}{Tests statiques ou dynamiques}{section.1.6}% 10
\BOOKMARK [2][-]{subsection.1.6.2}{De l'\351tude \340 l'int\351gration}{section.1.6}% 11
\BOOKMARK [1][-]{section.1.7}{Bilan de la 1\350re p\351riode}{chapter.1}% 12
\BOOKMARK [2][-]{subsection.1.7.1}{Connaissance du framework}{section.1.7}% 13
\BOOKMARK [2][-]{subsection.1.7.2}{M\351thodologie}{section.1.7}% 14
\BOOKMARK [2][-]{subsection.1.7.3}{Travail en \351quipe}{section.1.7}% 15
\BOOKMARK [0][-]{appendix.A}{Les niveaux de test}{}% 16
\BOOKMARK [0][-]{appendix.B}{R\351sultats quotidiens des tests}{}% 17
\BOOKMARK [0][-]{appendix.C}{Tous les tests impl\351ment\351s}{}% 18
\BOOKMARK [0][-]{appendix.D}{Les bases pour comprendre Jenkins}{}% 19
\BOOKMARK [0][-]{appendix.E}{Maven}{}% 20
\BOOKMARK [0][-]{appendix.F}{Mail re\347u d'un mauvais push}{}% 21
\BOOKMARK [0][-]{appendix.G}{Maven}{}% 22
\BOOKMARK [0][-]{appendix.H}{Fiche d'information de SAP}{}% 23
\BOOKMARK [0][-]{appendix.I}{Exemple d'une sortie console}{}% 24
\BOOKMARK [0][-]{appendix*.16}{Glossaire}{}% 25
\BOOKMARK [0][-]{appendix*.17}{Table des mati\350res}{}% 26
